1707945642.222229 client started (4778): version 3.0a, socket /tmp/tmux-1000/default, protocol 8
1707945642.222627 on Linux 5.15.133.1-microsoft-standard-WSL2 #1 SMP Thu Oct 5 21:02:42 UTC 2023; libevent 2.1.11-stable (poll)
1707945642.222827 socket is /tmp/tmux-1000/default
1707945642.223134 trying connect
1707945642.223379 add peer 0x557488894670: 6 ((nil))
1707945642.225131 sending message 100 to peer 0x557488894670 (4 bytes)
1707945642.225269 sending message 101 to peer 0x557488894670 (15 bytes)
1707945642.225552 sending message 102 to peer 0x557488894670 (11 bytes)
1707945642.225686 sending message 108 to peer 0x557488894670 (45 bytes)
1707945642.231635 sending message 104 to peer 0x557488894670 (0 bytes)
1707945642.231796 sending message 107 to peer 0x557488894670 (4 bytes)
1707945642.231952 sending message 105 to peer 0x557488894670 (16 bytes)
1707945642.232098 sending message 105 to peer 0x557488894670 (63 bytes)
1707945642.232241 sending message 105 to peer 0x557488894670 (24 bytes)
1707945642.232385 sending message 105 to peer 0x557488894670 (29 bytes)
1707945642.232532 sending message 105 to peer 0x557488894670 (48 bytes)
1707945642.232672 sending message 105 to peer 0x557488894670 (21 bytes)
1707945642.232802 sending message 105 to peer 0x557488894670 (49 bytes)
1707945642.232934 sending message 105 to peer 0x557488894670 (16 bytes)
1707945642.233063 sending message 105 to peer 0x557488894670 (23 bytes)
1707945642.233189 sending message 105 to peer 0x557488894670 (19 bytes)
1707945642.233306 sending message 105 to peer 0x557488894670 (13 bytes)
1707945642.233428 sending message 105 to peer 0x557488894670 (33 bytes)
1707945642.233549 sending message 105 to peer 0x557488894670 (1506 bytes)
1707945642.233681 sending message 105 to peer 0x557488894670 (26 bytes)
1707945642.233799 sending message 105 to peer 0x557488894670 (27 bytes)
1707945642.233920 sending message 105 to peer 0x557488894670 (34 bytes)
1707945642.234036 sending message 105 to peer 0x557488894670 (20 bytes)
1707945642.234155 sending message 105 to peer 0x557488894670 (32 bytes)
1707945642.234277 sending message 105 to peer 0x557488894670 (13 bytes)
1707945642.234397 sending message 105 to peer 0x557488894670 (24 bytes)
1707945642.234520 sending message 105 to peer 0x557488894670 (8 bytes)
1707945642.234640 sending message 105 to peer 0x557488894670 (14 bytes)
1707945642.234761 sending message 105 to peer 0x557488894670 (32 bytes)
1707945642.234882 sending message 105 to peer 0x557488894670 (33 bytes)
1707945642.235002 sending message 105 to peer 0x557488894670 (65 bytes)
1707945642.235122 sending message 105 to peer 0x557488894670 (841 bytes)
1707945642.235237 sending message 105 to peer 0x557488894670 (54 bytes)
1707945642.235358 sending message 105 to peer 0x557488894670 (54 bytes)
1707945642.235473 sending message 105 to peer 0x557488894670 (16 bytes)
1707945642.235599 sending message 105 to peer 0x557488894670 (40 bytes)
1707945642.235714 sending message 105 to peer 0x557488894670 (53 bytes)
1707945642.235835 sending message 105 to peer 0x557488894670 (36 bytes)
1707945642.235951 sending message 105 to peer 0x557488894670 (16 bytes)
1707945642.236071 sending message 106 to peer 0x557488894670 (0 bytes)
1707945642.236190 sending message 200 to peer 0x557488894670 (4 bytes)
1707945642.236308 client loop enter
1707945642.238131 peer 0x557488894670 message 207
1707945642.238369 sending message 208 to peer 0x557488894670 (0 bytes)
1707945647.362650 peer 0x557488894670 message 203
1707945647.362884 sending message 205 to peer 0x557488894670 (0 bytes)
1707945647.363235 peer 0x557488894670 message 204
1707945647.363388 client loop exit
